ru oh
exception 'ErrorException' with message 'Trying to get property of non-object' in /home/ubuntu/workspace/app/Controllers/ImagesController.php:9
Stack trace:
#0 /home/ubuntu/workspace/app/Controllers/ImagesController.php(9): Slim\Slim::handleErrors(8, 'Trying to get p...', '/home/ubuntu/wo...', 9, Array)
#1 [internal function]: Controllers\ImagesController->getAllImages()
#2 /home/ubuntu/workspace/vendor/slim/slim/Slim/Route.php(173): call_user_func_array(Array, Array)
#3 [internal function]: Slim\Route->Slim\{closure}()
#4 /home/ubuntu/workspace/vendor/slim/slim/Slim/Route.php(468): call_user_func_array(Object(Closure), Array)
#5 /home/ubuntu/workspace/vendor/slim/slim/Slim/Slim.php(1357): Slim\Route->dispatch()
#6 /home/ubuntu/workspace/vendor/slim/slim/Slim/Middleware/Flash.php(85): Slim\Slim->call()
#7 /home/ubuntu/workspace/vendor/slim/slim/Slim/Middleware/MethodOverride.php(92): Slim\Middleware\Flash->call()
#8 /home/ubuntu/workspace/vendor/slim/slim/Slim/Middleware/PrettyExceptions.php(67): Slim\Middleware\MethodOverride->call()
#9 /home/ubuntu/workspace/vendor/slim/slim/Slim/Slim.php(1302): Slim\Middleware\PrettyExceptions->call()
#10 /home/ubuntu/workspace/www/index.php(179): Slim\Slim->run()
#11 {main}
exception 'Exception' with message 'halp' in /home/ubuntu/workspace/app/Controllers/ControllerAbstract.php:14
Stack trace:
#0 /home/ubuntu/workspace/vendor/slim/slim/Slim/Route.php(171): Controllers\ControllerAbstract->__construct()
#1 [internal function]: Slim\Route->Slim\{closure}()
#2 /home/ubuntu/workspace/vendor/slim/slim/Slim/Route.php(468): call_user_func_array(Object(Closure), Array)
#3 /home/ubuntu/workspace/vendor/slim/slim/Slim/Slim.php(1357): Slim\Route->dispatch()
#4 /home/ubuntu/workspace/vendor/slim/slim/Slim/Middleware/Flash.php(85): Slim\Slim->call()
#5 /home/ubuntu/workspace/vendor/slim/slim/Slim/Middleware/MethodOverride.php(92): Slim\Middleware\Flash->call()
#6 /home/ubuntu/workspace/vendor/slim/slim/Slim/Middleware/PrettyExceptions.php(67): Slim\Middleware\MethodOverride->call()
#7 /home/ubuntu/workspace/vendor/slim/slim/Slim/Slim.php(1302): Slim\Middleware\PrettyExceptions->call()
#8 /home/ubuntu/workspace/www/index.php(179): Slim\Slim->run()
#9 {main}
